<?xml version="1.0" encoding="UTF-8"?>
<!-- Generated by org.testng.reporters.JUnitReportReporter -->
<testsuite hostname="DESKTOP-J29A5CF" failures="0" tests="1" name="mavenDemo.TestProject.OpenBrowser" time="52.190" errors="0" timestamp="2023-09-15T16:11:07 IST" skipped="0">
  <testcase classname="mavenDemo.TestProject.OpenBrowser" name="open" time="52.190"/>
</testsuite> <!-- mavenDemo.TestProject.OpenBrowser -->
